<?xml version="1.0" encoding="UTF-8"?>
<testng-results ignored="0" total="4" passed="4" failed="0" skipped="0">
  <reporter-output>
  </reporter-output>
  <suite started-at="2025-08-30T16:26:29 IST" name="Suite" finished-at="2025-08-30T16:29:02 IST" duration-ms="152801">
    <groups>
      <group name="ErrorHandling">
        <method signature="ErrorValidationTest.loginErrorValidation()[pri:0, instance:seleniumFramework.ErrorValidationTest@798162bc]" name="loginErrorValidation" class="seleniumFramework.ErrorValidationTest"/>
      </group> <!-- ErrorHandling -->
    </groups>
    <test started-at="2025-08-30T16:26:29 IST" name="ErrorValidationTest" finished-at="2025-08-30T16:27:24 IST" duration-ms="54459">
      <class name="seleniumFramework.ErrorValidationTest">
        <test-method is-config="true" signature="launchApplication()[pri:0, instance:seleniumFramework.ErrorValidationTest@798162bc]" started-at="2025-08-30T16:26:30 IST" name="launchApplication" finished-at="2025-08-30T16:26:53 IST" duration-ms="23226" status="PASS">
          <reporter-output>
          </reporter-output>
        </test-method> <!-- launchApplication -->
        <test-method signature="loginErrorValidation()[pri:0, instance:seleniumFramework.ErrorValidationTest@798162bc]" started-at="2025-08-30T16:26:53 IST" name="loginErrorValidation" finished-at="2025-08-30T16:26:55 IST" duration-ms="2267" status="PASS">
          <reporter-output>
          </reporter-output>
        </test-method> <!-- loginErrorValidation -->
        <test-method is-config="true" signature="closeDriver()[pri:0, instance:seleniumFramework.ErrorValidationTest@798162bc]" started-at="2025-08-30T16:26:55 IST" name="closeDriver" finished-at="2025-08-30T16:27:24 IST" duration-ms="28802" status="PASS">
          <reporter-output>
          </reporter-output>
        </test-method> <!-- closeDriver -->
      </class> <!-- seleniumFramework.ErrorValidationTest -->
    </test> <!-- ErrorValidationTest -->
    <test started-at="2025-08-30T16:26:29 IST" name="SearchProductTest" finished-at="2025-08-30T16:27:27 IST" duration-ms="57722">
      <class name="seleniumFramework.SearchProductTest">
        <test-method is-config="true" signature="launchApplication()[pri:0, instance:seleniumFramework.SearchProductTest@660acfb]" started-at="2025-08-30T16:26:30 IST" name="launchApplication" finished-at="2025-08-30T16:27:15 IST" duration-ms="45603" status="PASS">
          <reporter-output>
          </reporter-output>
        </test-method> <!-- launchApplication -->
        <test-method signature="searchLaptop()[pri:0, instance:seleniumFramework.SearchProductTest@660acfb]" started-at="2025-08-30T16:27:15 IST" name="searchLaptop" finished-at="2025-08-30T16:27:18 IST" duration-ms="2796" status="PASS">
          <reporter-output>
          </reporter-output>
        </test-method> <!-- searchLaptop -->
        <test-method is-config="true" signature="closeDriver()[pri:0, instance:seleniumFramework.SearchProductTest@660acfb]" started-at="2025-08-30T16:27:18 IST" name="closeDriver" finished-at="2025-08-30T16:27:27 IST" duration-ms="9242" status="PASS">
          <reporter-output>
          </reporter-output>
        </test-method> <!-- closeDriver -->
      </class> <!-- seleniumFramework.SearchProductTest -->
    </test> <!-- SearchProductTest -->
    <test started-at="2025-08-30T16:26:29 IST" name="SubmitOrderTest" finished-at="2025-08-30T16:29:02 IST" duration-ms="152801">
      <class name="seleniumFramework.SubmitOrderTest">
        <test-method is-config="true" signature="launchApplication()[pri:0, instance:seleniumFramework.SubmitOrderTest@5745ca0e]" started-at="2025-08-30T16:26:30 IST" name="launchApplication" finished-at="2025-08-30T16:27:23 IST" duration-ms="52845" status="PASS">
          <reporter-output>
          </reporter-output>
        </test-method> <!-- launchApplication -->
        <test-method signature="submitOrder(java.util.HashMap)[pri:0, instance:seleniumFramework.SubmitOrderTest@5745ca0e]" started-at="2025-08-30T16:27:23 IST" name="submitOrder" data-provider="getData" finished-at="2025-08-30T16:28:08 IST" duration-ms="44566" status="PASS">
          <params>
            <param index="0">
              <value>
                <![CDATA[{uEmail=happy@gmail.com, country=Ind, uPassword=happy123, countryName=India, accessories=[ZARA COAT 3, ADIDAS ORIGINAL, IPHONE 13 PRO]}]]>
              </value>
            </param>
          </params>
          <reporter-output>
          </reporter-output>
        </test-method> <!-- submitOrder -->
        <test-method is-config="true" signature="closeDriver()[pri:0, instance:seleniumFramework.SubmitOrderTest@5745ca0e]" started-at="2025-08-30T16:28:08 IST" name="closeDriver" finished-at="2025-08-30T16:28:09 IST" duration-ms="952" status="PASS">
          <reporter-output>
          </reporter-output>
        </test-method> <!-- closeDriver -->
        <test-method is-config="true" signature="launchApplication()[pri:0, instance:seleniumFramework.SubmitOrderTest@5745ca0e]" started-at="2025-08-30T16:28:09 IST" name="launchApplication" finished-at="2025-08-30T16:28:17 IST" duration-ms="8261" status="PASS">
          <reporter-output>
          </reporter-output>
        </test-method> <!-- launchApplication -->
        <test-method signature="submitOrder(java.util.HashMap)[pri:0, instance:seleniumFramework.SubmitOrderTest@5745ca0e]" started-at="2025-08-30T16:28:17 IST" name="submitOrder" data-provider="getData" finished-at="2025-08-30T16:29:01 IST" duration-ms="44321" status="PASS">
          <params>
            <param index="0">
              <value>
                <![CDATA[{uEmail=harry@gmail.com, country=Bah, uPassword=happy123, countryName=Bahrain, accessories=[ADIDAS ORIGINAL, IPHONE 13 PRO, ZARA COAT 3]}]]>
              </value>
            </param>
          </params>
          <reporter-output>
          </reporter-output>
        </test-method> <!-- submitOrder -->
        <test-method is-config="true" signature="closeDriver()[pri:0, instance:seleniumFramework.SubmitOrderTest@5745ca0e]" started-at="2025-08-30T16:29:01 IST" name="closeDriver" finished-at="2025-08-30T16:29:02 IST" duration-ms="1017" status="PASS">
          <reporter-output>
          </reporter-output>
        </test-method> <!-- closeDriver -->
      </class> <!-- seleniumFramework.SubmitOrderTest -->
    </test> <!-- SubmitOrderTest -->
  </suite> <!-- Suite -->
</testng-results>
