<?xml version="1.0" encoding="UTF-8"?>
<testng-results ignored="0" total="4" passed="4" failed="0" skipped="0">
  <reporter-output>
  </reporter-output>
  <suite started-at="2025-08-30T12:01:27 IST" name="Suite" finished-at="2025-08-30T12:03:09 IST" duration-ms="102095">
    <groups>
      <group name="ErrorHandling">
        <method signature="ErrorValidationTest.loginErrorValidation()[pri:0, instance:seleniumFramework.ErrorValidationTest@723e88f9]" name="loginErrorValidation" class="seleniumFramework.ErrorValidationTest"/>
      </group> <!-- ErrorHandling -->
    </groups>
    <test started-at="2025-08-30T12:01:27 IST" name="ErrorValidationTest" finished-at="2025-08-30T12:01:45 IST" duration-ms="18014">
      <class name="seleniumFramework.ErrorValidationTest">
        <test-method is-config="true" signature="launchApplication()[pri:0, instance:seleniumFramework.ErrorValidationTest@723e88f9]" started-at="2025-08-30T12:01:27 IST" name="launchApplication" finished-at="2025-08-30T12:01:35 IST" duration-ms="8643" status="PASS">
          <reporter-output>
          </reporter-output>
        </test-method> <!-- launchApplication -->
        <test-method signature="loginErrorValidation()[pri:0, instance:seleniumFramework.ErrorValidationTest@723e88f9]" started-at="2025-08-30T12:01:35 IST" name="loginErrorValidation" finished-at="2025-08-30T12:01:41 IST" duration-ms="5327" status="PASS">
          <reporter-output>
          </reporter-output>
        </test-method> <!-- loginErrorValidation -->
        <test-method is-config="true" signature="closeDriver()[pri:0, instance:seleniumFramework.ErrorValidationTest@723e88f9]" started-at="2025-08-30T12:01:41 IST" name="closeDriver" finished-at="2025-08-30T12:01:45 IST" duration-ms="3965" status="PASS">
          <reporter-output>
          </reporter-output>
        </test-method> <!-- closeDriver -->
      </class> <!-- seleniumFramework.ErrorValidationTest -->
    </test> <!-- ErrorValidationTest -->
    <test started-at="2025-08-30T12:01:27 IST" name="SearchProductTest" finished-at="2025-08-30T12:01:45 IST" duration-ms="18179">
      <class name="seleniumFramework.SearchProductTest">
        <test-method is-config="true" signature="launchApplication()[pri:0, instance:seleniumFramework.SearchProductTest@4fa1c212]" started-at="2025-08-30T12:01:27 IST" name="launchApplication" finished-at="2025-08-30T12:01:33 IST" duration-ms="6680" status="PASS">
          <reporter-output>
          </reporter-output>
        </test-method> <!-- launchApplication -->
        <test-method signature="searchLaptop()[pri:0, instance:seleniumFramework.SearchProductTest@4fa1c212]" started-at="2025-08-30T12:01:33 IST" name="searchLaptop" finished-at="2025-08-30T12:01:39 IST" duration-ms="5093" status="PASS">
          <reporter-output>
          </reporter-output>
        </test-method> <!-- searchLaptop -->
        <test-method is-config="true" signature="closeDriver()[pri:0, instance:seleniumFramework.SearchProductTest@4fa1c212]" started-at="2025-08-30T12:01:39 IST" name="closeDriver" finished-at="2025-08-30T12:01:45 IST" duration-ms="6320" status="PASS">
          <reporter-output>
          </reporter-output>
        </test-method> <!-- closeDriver -->
      </class> <!-- seleniumFramework.SearchProductTest -->
    </test> <!-- SearchProductTest -->
    <test started-at="2025-08-30T12:01:27 IST" name="SubmitOrderTest" finished-at="2025-08-30T12:03:09 IST" duration-ms="102095">
      <class name="seleniumFramework.SubmitOrderTest">
        <test-method is-config="true" signature="launchApplication()[pri:0, instance:seleniumFramework.SubmitOrderTest@9cb8225]" started-at="2025-08-30T12:01:27 IST" name="launchApplication" finished-at="2025-08-30T12:01:35 IST" duration-ms="8187" status="PASS">
          <reporter-output>
          </reporter-output>
        </test-method> <!-- launchApplication -->
        <test-method signature="submitOrder(java.util.HashMap)[pri:0, instance:seleniumFramework.SubmitOrderTest@9cb8225]" started-at="2025-08-30T12:01:35 IST" name="submitOrder" data-provider="getData" finished-at="2025-08-30T12:02:24 IST" duration-ms="48492" status="PASS">
          <params>
            <param index="0">
              <value>
                <![CDATA[{uEmail=happy@gmail.com, country=Ind, uPassword=happy123, countryName=India, accessories=[ZARA COAT 3, ADIDAS ORIGINAL, IPHONE 13 PRO]}]]>
              </value>
            </param>
          </params>
          <reporter-output>
          </reporter-output>
        </test-method> <!-- submitOrder -->
        <test-method is-config="true" signature="closeDriver()[pri:0, instance:seleniumFramework.SubmitOrderTest@9cb8225]" started-at="2025-08-30T12:02:24 IST" name="closeDriver" finished-at="2025-08-30T12:02:24 IST" duration-ms="311" status="PASS">
          <reporter-output>
          </reporter-output>
        </test-method> <!-- closeDriver -->
        <test-method is-config="true" signature="launchApplication()[pri:0, instance:seleniumFramework.SubmitOrderTest@9cb8225]" started-at="2025-08-30T12:02:24 IST" name="launchApplication" finished-at="2025-08-30T12:02:26 IST" duration-ms="2054" status="PASS">
          <reporter-output>
          </reporter-output>
        </test-method> <!-- launchApplication -->
        <test-method signature="submitOrder(java.util.HashMap)[pri:0, instance:seleniumFramework.SubmitOrderTest@9cb8225]" started-at="2025-08-30T12:02:26 IST" name="submitOrder" data-provider="getData" finished-at="2025-08-30T12:03:09 IST" duration-ms="42399" status="PASS">
          <params>
            <param index="0">
              <value>
                <![CDATA[{uEmail=harry@gmail.com, country=Bah, uPassword=happy123, countryName=Bahrain, accessories=[ADIDAS ORIGINAL, IPHONE 13 PRO, ZARA COAT 3]}]]>
              </value>
            </param>
          </params>
          <reporter-output>
          </reporter-output>
        </test-method> <!-- submitOrder -->
        <test-method is-config="true" signature="closeDriver()[pri:0, instance:seleniumFramework.SubmitOrderTest@9cb8225]" started-at="2025-08-30T12:03:09 IST" name="closeDriver" finished-at="2025-08-30T12:03:09 IST" duration-ms="264" status="PASS">
          <reporter-output>
          </reporter-output>
        </test-method> <!-- closeDriver -->
      </class> <!-- seleniumFramework.SubmitOrderTest -->
    </test> <!-- SubmitOrderTest -->
  </suite> <!-- Suite -->
</testng-results>
